Using pre-set license
Built from '2020.3/staging' branch; Version is '2020.3.11f1 (99c7afb366b3) revision 10078127'; Using compiler version '192528614'; Build Type 'Release'
OS: 'Windows 10 Education; OS build 19042.1348; Version 2009; 64bit' Language: 'en' Physical Memory: 16332 MB
BatchMode: 1, IsHumanControllingUs: 0, StartBugReporterOnCrash: 0, Is64bit: 1, IsPro: 0

 COMMAND LINE ARGUMENTS:
C:\Program Files\Unity\Hub\Editor\2020.3.11f1\Editor\Unity.exe
-adb2
-batchMode
-noUpm
-name
AssetImportWorker0
-projectPath
C:/Users/Riley/Downloads/An-Honest-Days-Work/An-Honest-Days-Work
-logFile
Logs/AssetImportWorker0.log
-srvPort
56804
Successfully changed project path to: C:/Users/Riley/Downloads/An-Honest-Days-Work/An-Honest-Days-Work
C:/Users/Riley/Downloads/An-Honest-Days-Work/An-Honest-Days-Work
Using Asset Import Pipeline V2.
Unable to join player connection multicast group.

Refreshing native plugins compatible for Editor in 39.27 ms, found 2 plugins.
Preloading 0 native plugins for Editor in 0.00 ms.
Initialize engine version: 2020.3.11f1 (99c7afb366b3)
[Subsystems] Discovering subsystems at path C:/Program Files/Unity/Hub/Editor/2020.3.11f1/Editor/Data/Resources/UnitySubsystems
[Subsystems] Discovering subsystems at path C:/Users/Riley/Downloads/An-Honest-Days-Work/An-Honest-Days-Work/Assets
GfxDevice: creating device client; threaded=0
Direct3D:
    Version:  Direct3D 11.0 [level 11.1]
    Renderer: NVIDIA GeForce RTX 2060 (ID=0x1f08)
    Vendor:   
    VRAM:     5980 MB
    Driver:   30.0.14.7212
Initialize mono
Mono path[0] = 'C:/Program Files/Unity/Hub/Editor/2020.3.11f1/Editor/Data/Managed'
Mono path[1] = 'C:/Program Files/Unity/Hub/Editor/2020.3.11f1/Editor/Data/MonoBleedingEdge/lib/mono/unityjit'
Mono config path = 'C:/Program Files/Unity/Hub/Editor/2020.3.11f1/Editor/Data/MonoBleedingEdge/etc'
Using monoOptions --debugger-agent=transport=dt_socket,embedding=1,server=y,suspend=n,address=127.0.0.1:56760
Begin MonoManager ReloadAssembly
Registering precompiled unity dll's ...
Register platform support module: C:/Program Files/Unity/Hub/Editor/2020.3.11f1/Editor/Data/PlaybackEngines/WindowsStandaloneSupport/UnityEditor.WindowsStandalone.Extensions.dll
Registered in 0.002268 seconds.
Native extension for WindowsStandalone target not found
Refreshing native plugins compatible for Editor in 38.04 ms, found 2 plugins.
Preloading 0 native plugins for Editor in 0.00 ms.
Mono: successfully reloaded assembly
- Completed reload, in  1.549 seconds
Platform modules already initialized, skipping
Registering precompiled user dll's ...
Registered in 0.004367 seconds.
Begin MonoManager ReloadAssembly
Native extension for WindowsStandalone target not found
Refreshing native plugins compatible for Editor in 0.41 ms, found 2 plugins.
Preloading 0 native plugins for Editor in 0.00 ms.
Mono: successfully reloaded assembly
- Completed reload, in  1.150 seconds
Platform modules already initialized, skipping
========================================================================
Worker process is ready to serve import requests
Launched and connected shader compiler UnityShaderCompiler.exe after 0.10 seconds
Refreshing native plugins compatible for Editor in 0.40 ms, found 2 plugins.
Preloading 0 native plugins for Editor in 0.00 ms.
Unloading 1421 Unused Serialized files (Serialized files now loaded: 0)
System memory in use before: 87.0 MB.
System memory in use after: 87.1 MB.

Unloading 17 unused Assets to reduce memory usage. Loaded Objects now: 1881.
Total: 2.079100 ms (FindLiveObjects: 0.178200 ms CreateObjectMapping: 0.038600 ms MarkObjects: 1.838300 ms  DeleteObjects: 0.022800 ms)

========================================================================
Received Import Request.
  path: Assets/Scenes/Farm 1.unity
  artifactKey: Guid(6e725a0b263d346479c6471f3d5b0bd9) Importer(815301076,1909f56bfc062723c751e8b465ee728b)
Start importing Assets/Scenes/Farm 1.unity using Guid(6e725a0b263d346479c6471f3d5b0bd9) Importer(815301076,1909f56bfc062723c751e8b465ee728b)  -> (artifact id: '606b82f0e642b31bff2a94f3d55328ab') in 0.017725 seconds
  Import took 0.020676 seconds .

========================================================================
Received Import Request.
  Time since last request: 0.000189 seconds.
  path: Assets/PwhSoft/Low Poly Fast Food
  artifactKey: Guid(92fde5a0046194e7ca8500151b5e84fb) Importer(815301076,1909f56bfc062723c751e8b465ee728b)
Start importing Assets/PwhSoft/Low Poly Fast Food using Guid(92fde5a0046194e7ca8500151b5e84fb) Importer(815301076,1909f56bfc062723c751e8b465ee728b)  -> (artifact id: 'f4356ad64db9c9daf26247e19ea1656d') in 0.008271 seconds
  Import took 0.011200 seconds .

========================================================================
Received Import Request.
  Time since last request: 0.000225 seconds.
  path: Assets/Scenes/Overworld.unity
  artifactKey: Guid(0599df3411b005943ade966d49c1bebf) Importer(815301076,1909f56bfc062723c751e8b465ee728b)
Start importing Assets/Scenes/Overworld.unity using Guid(0599df3411b005943ade966d49c1bebf) Importer(815301076,1909f56bfc062723c751e8b465ee728b)  -> (artifact id: '0a692c24371bb68f03a8d8ecc2dab0c8') in 0.007178 seconds
  Import took 0.010297 seconds .

========================================================================
Received Prepare
Registering precompiled user dll's ...
Registered in 0.004711 seconds.
Begin MonoManager ReloadAssembly
Native extension for WindowsStandalone target not found
Refreshing native plugins compatible for Editor in 0.58 ms, found 2 plugins.
Preloading 0 native plugins for Editor in 0.00 ms.
Mono: successfully reloaded assembly
- Completed reload, in  1.128 seconds
Platform modules already initialized, skipping
Refreshing native plugins compatible for Editor in 0.41 ms, found 2 plugins.
Preloading 0 native plugins for Editor in 0.00 ms.
Unloading 1401 Unused Serialized files (Serialized files now loaded: 0)
System memory in use before: 85.5 MB.
System memory in use after: 85.6 MB.

Unloading 13 unused Assets to reduce memory usage. Loaded Objects now: 1885.
Total: 2.191100 ms (FindLiveObjects: 0.174100 ms CreateObjectMapping: 0.037200 ms MarkObjects: 1.956600 ms  DeleteObjects: 0.021900 ms)

========================================================================
Received Import Request.
  Time since last request: 61.766203 seconds.
  path: Assets/Scripts/Singleton.cs
  artifactKey: Guid(3e875022d5fdccd4f83043c7b53d828d) Importer(815301076,1909f56bfc062723c751e8b465ee728b)
Start importing Assets/Scripts/Singleton.cs using Guid(3e875022d5fdccd4f83043c7b53d828d) Importer(815301076,1909f56bfc062723c751e8b465ee728b)  -> (artifact id: 'c722e6aeb12c93c4301a12d34a1df40a') in 0.030070 seconds
  Import took 0.033391 seconds .

========================================================================
Received Prepare
Registering precompiled user dll's ...
Registered in 0.004376 seconds.
Begin MonoManager ReloadAssembly
Native extension for WindowsStandalone target not found
Refreshing native plugins compatible for Editor in 0.41 ms, found 2 plugins.
Preloading 0 native plugins for Editor in 0.00 ms.
Mono: successfully reloaded assembly
- Completed reload, in  1.075 seconds
Platform modules already initialized, skipping
Refreshing native plugins compatible for Editor in 0.41 ms, found 2 plugins.
Preloading 0 native plugins for Editor in 0.00 ms.
Unloading 1401 Unused Serialized files (Serialized files now loaded: 0)
System memory in use before: 85.5 MB.
System memory in use after: 85.6 MB.

Unloading 13 unused Assets to reduce memory usage. Loaded Objects now: 1888.
Total: 2.205800 ms (FindLiveObjects: 0.180100 ms CreateObjectMapping: 0.038200 ms MarkObjects: 1.962600 ms  DeleteObjects: 0.023700 ms)

========================================================================
Received Prepare
Registering precompiled user dll's ...
Registered in 0.004039 seconds.
Begin MonoManager ReloadAssembly
Native extension for WindowsStandalone target not found
Refreshing native plugins compatible for Editor in 0.42 ms, found 2 plugins.
Preloading 0 native plugins for Editor in 0.00 ms.
Mono: successfully reloaded assembly
- Completed reload, in  1.131 seconds
Platform modules already initialized, skipping
Refreshing native plugins compatible for Editor in 0.47 ms, found 2 plugins.
Preloading 0 native plugins for Editor in 0.00 ms.
Unloading 1401 Unused Serialized files (Serialized files now loaded: 0)
System memory in use before: 85.5 MB.
System memory in use after: 85.6 MB.

Unloading 13 unused Assets to reduce memory usage. Loaded Objects now: 1891.
Total: 2.323300 ms (FindLiveObjects: 0.195100 ms CreateObjectMapping: 0.038300 ms MarkObjects: 2.051800 ms  DeleteObjects: 0.035900 ms)

========================================================================
Received Import Request.
  Time since last request: 57.569377 seconds.
  path: Assets/Scripts/Singleton.cs
  artifactKey: Guid(3e875022d5fdccd4f83043c7b53d828d) Importer(815301076,1909f56bfc062723c751e8b465ee728b)
Start importing Assets/Scripts/Singleton.cs using Guid(3e875022d5fdccd4f83043c7b53d828d) Importer(815301076,1909f56bfc062723c751e8b465ee728b)  -> (artifact id: '4abfcb10fc17e432388f16003ce985e6') in 0.005230 seconds
  Import took 0.007797 seconds .

========================================================================
Received Import Request.
  Time since last request: 19.554661 seconds.
  path: Assets/Scripts/Collision Resolution
  artifactKey: Guid(ebc68d20a10950f47bafa9898f656fae) Importer(815301076,1909f56bfc062723c751e8b465ee728b)
Start importing Assets/Scripts/Collision Resolution using Guid(ebc68d20a10950f47bafa9898f656fae) Importer(815301076,1909f56bfc062723c751e8b465ee728b)  -> (artifact id: '1e073ac87215fecb8dba9512b4fe7dfc') in 0.007226 seconds
  Import took 0.009942 seconds .

========================================================================
Received Import Request.
  Time since last request: 0.654663 seconds.
  path: Assets/Scripts/Collision Resolution/AABBAABBCollisionManager.cs
  artifactKey: Guid(ddf820566bba24348a70ef4bf49c6cca) Importer(815301076,1909f56bfc062723c751e8b465ee728b)
Start importing Assets/Scripts/Collision Resolution/AABBAABBCollisionManager.cs using Guid(ddf820566bba24348a70ef4bf49c6cca) Importer(815301076,1909f56bfc062723c751e8b465ee728b)  -> (artifact id: '9af0f6f826d977dfba6db7ac38da40de') in 0.007094 seconds
  Import took 0.009703 seconds .

========================================================================
Received Import Request.
  Time since last request: 6.331593 seconds.
  path: Assets/Scripts/Collision Resolution/RigidBody.cs
  artifactKey: Guid(aaddcabbe6be1374386f2da20edead9d) Importer(815301076,1909f56bfc062723c751e8b465ee728b)
Start importing Assets/Scripts/Collision Resolution/RigidBody.cs using Guid(aaddcabbe6be1374386f2da20edead9d) Importer(815301076,1909f56bfc062723c751e8b465ee728b)  -> (artifact id: '069d879f4752efaf57df59975c0a15ef') in 0.007850 seconds
  Import took 0.010597 seconds .

========================================================================
Received Prepare
Registering precompiled user dll's ...
Registered in 0.006655 seconds.
Begin MonoManager ReloadAssembly
Native extension for WindowsStandalone target not found
Refreshing native plugins compatible for Editor in 0.55 ms, found 2 plugins.
Preloading 0 native plugins for Editor in 0.00 ms.
Mono: successfully reloaded assembly
- Completed reload, in  1.112 seconds
Platform modules already initialized, skipping
Refreshing native plugins compatible for Editor in 0.41 ms, found 2 plugins.
Preloading 0 native plugins for Editor in 0.00 ms.
Unloading 1401 Unused Serialized files (Serialized files now loaded: 0)
System memory in use before: 85.5 MB.
System memory in use after: 85.6 MB.

Unloading 13 unused Assets to reduce memory usage. Loaded Objects now: 1894.
Total: 1.998700 ms (FindLiveObjects: 0.168000 ms CreateObjectMapping: 0.037800 ms MarkObjects: 1.773100 ms  DeleteObjects: 0.018500 ms)

========================================================================
Received Prepare
Registering precompiled user dll's ...
Registered in 0.005681 seconds.
Begin MonoManager ReloadAssembly
Native extension for WindowsStandalone target not found
Refreshing native plugins compatible for Editor in 0.46 ms, found 2 plugins.
Preloading 0 native plugins for Editor in 0.00 ms.
Mono: successfully reloaded assembly
- Completed reload, in  1.055 seconds
Platform modules already initialized, skipping
Refreshing native plugins compatible for Editor in 0.41 ms, found 2 plugins.
Preloading 0 native plugins for Editor in 0.00 ms.
Unloading 1401 Unused Serialized files (Serialized files now loaded: 0)
System memory in use before: 85.5 MB.
System memory in use after: 85.6 MB.

Unloading 13 unused Assets to reduce memory usage. Loaded Objects now: 1897.
Total: 1.990100 ms (FindLiveObjects: 0.158800 ms CreateObjectMapping: 0.037600 ms MarkObjects: 1.769200 ms  DeleteObjects: 0.023400 ms)

========================================================================
Received Import Request.
  Time since last request: 62.914488 seconds.
  path: Assets/Scripts/Collision Resolution/RigidBody.cs
  artifactKey: Guid(aaddcabbe6be1374386f2da20edead9d) Importer(815301076,1909f56bfc062723c751e8b465ee728b)
Start importing Assets/Scripts/Collision Resolution/RigidBody.cs using Guid(aaddcabbe6be1374386f2da20edead9d) Importer(815301076,1909f56bfc062723c751e8b465ee728b)  -> (artifact id: '5ee58d107c1f3a2fa5d9940ec6014392') in 0.005524 seconds
  Import took 0.007876 seconds .

========================================================================
Received Prepare
Registering precompiled user dll's ...
Registered in 0.004375 seconds.
Begin MonoManager ReloadAssembly
Native extension for WindowsStandalone target not found
Refreshing native plugins compatible for Editor in 0.64 ms, found 2 plugins.
Preloading 0 native plugins for Editor in 0.00 ms.
Mono: successfully reloaded assembly
- Completed reload, in  1.160 seconds
Platform modules already initialized, skipping
Refreshing native plugins compatible for Editor in 0.63 ms, found 2 plugins.
Preloading 0 native plugins for Editor in 0.00 ms.
Unloading 1401 Unused Serialized files (Serialized files now loaded: 0)
System memory in use before: 85.5 MB.
System memory in use after: 85.6 MB.

Unloading 13 unused Assets to reduce memory usage. Loaded Objects now: 1900.
Total: 2.689400 ms (FindLiveObjects: 0.454700 ms CreateObjectMapping: 0.178200 ms MarkObjects: 2.030600 ms  DeleteObjects: 0.023800 ms)

========================================================================
Received Prepare
Registering precompiled user dll's ...
Registered in 0.004280 seconds.
Begin MonoManager ReloadAssembly
Native extension for WindowsStandalone target not found
Refreshing native plugins compatible for Editor in 0.42 ms, found 2 plugins.
Preloading 0 native plugins for Editor in 0.00 ms.
Mono: successfully reloaded assembly
- Completed reload, in  1.087 seconds
Platform modules already initialized, skipping
Refreshing native plugins compatible for Editor in 0.47 ms, found 2 plugins.
Preloading 0 native plugins for Editor in 0.00 ms.
Unloading 1401 Unused Serialized files (Serialized files now loaded: 0)
System memory in use before: 85.5 MB.
System memory in use after: 85.6 MB.

Unloading 13 unused Assets to reduce memory usage. Loaded Objects now: 1903.
Total: 2.548900 ms (FindLiveObjects: 0.200600 ms CreateObjectMapping: 0.038400 ms MarkObjects: 2.284600 ms  DeleteObjects: 0.024000 ms)

